<?xml version="1.0" encoding="UTF-8"?>
<!-- Generated by org.testng.reporters.JUnitReportReporter -->
<testsuite hostname="DESKTOP-IRJQAB4" failures="0" tests="1" name="com.travelagileway.test.TC_LoginTest_001" time="6.192" errors="0" timestamp="2022-03-13T23:25:05 EDT" skipped="0">
  <testcase classname="com.travelagileway.test.TC_LoginTest_001" name="Travel" time="6.192"/>
  <system-out/>
</testsuite> <!-- com.travelagileway.test.TC_LoginTest_001 -->
